2016-04-08 13:52:08 - Starting C:\Program Files\nodejs\node.exe --harmony "C:\Users\Epay Jitendra\AppData\Roaming\npm\node_modules\node-windows\lib\wrapper.js" -f "D:\Project\SupportTool\Repository\Tags\SupportTool_NodeJS_V1.0\STWeb\bin\www" -l "Support-Tool" -g 0.25 -w 1 -r 3 -a n
2016-04-08 13:52:08 - Started 9304
2016-04-08 13:57:39 - Stopping supporttool.exe
2016-04-08 13:57:39 - ProcessKill 9304
2016-04-08 13:57:39 - Finished supporttool.exe
2016-04-08 13:57:40 - Starting C:\Program Files\nodejs\node.exe --harmony "C:\Users\Epay Jitendra\AppData\Roaming\npm\node_modules\node-windows\lib\wrapper.js" -f "D:\Project\SupportTool\Repository\Tags\SupportTool_NodeJS_V1.0\STWeb\bin\www" -l "Support-Tool" -g 0.25 -w 1 -r 3 -a n
2016-04-08 13:57:40 - Started 9524
2016-04-08 13:58:50 - Stopping supporttool.exe
2016-04-08 13:58:50 - ProcessKill 9524
2016-04-08 13:58:50 - Finished supporttool.exe
2016-04-08 13:58:51 - Starting C:\Program Files\nodejs\node.exe --harmony "C:\Users\Epay Jitendra\AppData\Roaming\npm\node_modules\node-windows\lib\wrapper.js" -f "D:\Project\SupportTool\Repository\Tags\SupportTool_NodeJS_V1.0\STWeb\bin\www" -l "Support-Tool" -g 0.25 -w 1 -r 3 -a n
2016-04-08 13:58:51 - Started 4512
2016-04-08 14:11:21 - Stopping supporttool.exe
2016-04-08 14:11:21 - ProcessKill 4512
2016-04-08 14:11:21 - Finished supporttool.exe
2016-04-08 14:11:22 - Starting C:\Program Files\nodejs\node.exe --harmony "C:\Users\Epay Jitendra\AppData\Roaming\npm\node_modules\node-windows\lib\wrapper.js" -f "D:\Project\SupportTool\Repository\Tags\SupportTool_NodeJS_V1.0\STWeb\bin\www" -l "Support-Tool" -g 0.25 -w 1 -r 3 -a n
2016-04-08 14:11:22 - Started 9976
2016-04-08 14:16:05 - Stopping supporttool.exe
2016-04-08 14:16:05 - ProcessKill 9976
2016-04-08 14:16:05 - Finished supporttool.exe
2016-04-08 14:16:07 - Starting C:\Program Files\nodejs\node.exe --harmony "C:\Users\Epay Jitendra\AppData\Roaming\npm\node_modules\node-windows\lib\wrapper.js" -f "D:\Project\SupportTool\Repository\Tags\SupportTool_NodeJS_V1.0\STWeb\bin\www" -l "Support-Tool" -g 0.25 -w 1 -r 3 -a n
2016-04-08 14:16:07 - Started 11072
2016-04-08 14:20:36 - Stopping supporttool.exe
2016-04-08 14:20:36 - ProcessKill 11072
2016-04-08 14:20:36 - Finished supporttool.exe
2016-04-08 14:20:37 - Starting C:\Program Files\nodejs\node.exe --harmony "C:\Users\Epay Jitendra\AppData\Roaming\npm\node_modules\node-windows\lib\wrapper.js" -f "D:\Project\SupportTool\Repository\Tags\SupportTool_NodeJS_V1.0\STWeb\bin\www" -l "Support-Tool" -g 0.25 -w 1 -r 3 -a n
2016-04-08 14:20:37 - Started 11340
2016-04-08 14:25:15 - Stopping supporttool.exe
2016-04-08 14:25:15 - ProcessKill 11340
2016-04-08 14:25:15 - Finished supporttool.exe
2016-04-08 14:25:16 - Starting C:\Program Files\nodejs\node.exe --harmony "C:\Users\Epay Jitendra\AppData\Roaming\npm\node_modules\node-windows\lib\wrapper.js" -f "D:\Project\SupportTool\Repository\Tags\SupportTool_NodeJS_V1.0\STWeb\bin\www" -l "Support-Tool" -g 0.25 -w 1 -r 3 -a n
2016-04-08 14:25:16 - Started 4416
2016-04-08 15:09:55 - Stopping supporttool.exe
2016-04-08 15:09:55 - ProcessKill 4416
2016-04-08 15:09:55 - Finished supporttool.exe
2016-04-08 15:09:56 - Starting C:\Program Files\nodejs\node.exe --harmony "C:\Users\Epay Jitendra\AppData\Roaming\npm\node_modules\node-windows\lib\wrapper.js" -f "D:\Project\SupportTool\Repository\Tags\SupportTool_NodeJS_V1.0\STWeb\bin\www" -l "Support-Tool" -g 0.25 -w 1 -r 3 -a n
2016-04-08 15:09:56 - Started 11356
2016-04-08 15:15:54 - Stopping supporttool.exe
2016-04-08 15:15:54 - ProcessKill 11356
2016-04-08 15:15:54 - Finished supporttool.exe
2016-04-08 15:15:56 - Starting C:\Program Files\nodejs\node.exe --harmony "C:\Users\Epay Jitendra\AppData\Roaming\npm\node_modules\node-windows\lib\wrapper.js" -f "D:\Project\SupportTool\Repository\Tags\SupportTool_NodeJS_V1.0\STWeb\bin\www" -l "Support-Tool" -g 0.25 -w 1 -r 3 -a n
2016-04-08 15:15:56 - Started 13404
2016-04-08 15:32:43 - Stopping supporttool.exe
2016-04-08 15:32:43 - ProcessKill 13404
2016-04-08 15:32:43 - Finished supporttool.exe
2016-04-08 15:32:44 - Starting C:\Program Files\nodejs\node.exe --harmony "C:\Users\Epay Jitendra\AppData\Roaming\npm\node_modules\node-windows\lib\wrapper.js" -f "D:\Project\SupportTool\Repository\Tags\SupportTool_NodeJS_V1.0\STWeb\bin\www" -l "Support-Tool" -g 0.25 -w 1 -r 3 -a n
2016-04-08 15:32:44 - Started 13856
2016-04-08 23:29:16 - Stopping supporttool.exe
2016-04-08 23:29:16 - ProcessKill 13856
2016-04-08 23:29:16 - Finished supporttool.exe
2016-04-08 23:29:18 - Starting C:\Program Files\nodejs\node.exe --harmony "C:\Users\Epay Jitendra\AppData\Roaming\npm\node_modules\node-windows\lib\wrapper.js" -f "D:\Project\SupportTool\Repository\Tags\SupportTool_NodeJS_V1.0\STWeb\bin\www" -l "Support-Tool" -g 0.25 -w 1 -r 3 -a n
2016-04-08 23:29:18 - Started 8600
2016-04-08 23:33:05 - Stopping supporttool.exe
2016-04-08 23:33:05 - ProcessKill 8600
2016-04-08 23:33:05 - Finished supporttool.exe
2016-04-08 23:33:06 - Starting C:\Program Files\nodejs\node.exe --harmony "C:\Users\Epay Jitendra\AppData\Roaming\npm\node_modules\node-windows\lib\wrapper.js" -f "D:\Project\SupportTool\Repository\Tags\SupportTool_NodeJS_V1.0\STWeb\bin\www" -l "Support-Tool" -g 0.25 -w 1 -r 3 -a n
2016-04-08 23:33:07 - Started 14292
2016-04-09 13:43:16 - Stopping supporttool.exe
2016-04-09 13:43:16 - ProcessKill 14292
2016-04-09 13:43:16 - Finished supporttool.exe
2016-04-09 13:43:18 - Starting C:\Program Files\nodejs\node.exe --harmony "C:\Users\Epay Jitendra\AppData\Roaming\npm\node_modules\node-windows\lib\wrapper.js" -f "D:\Project\SupportTool\Repository\Tags\SupportTool_NodeJS_V1.0\STWeb\bin\www" -l "Support-Tool" -g 0.25 -w 1 -r 3 -a n
2016-04-09 13:43:18 - Started 15488
2016-04-09 13:44:18 - Stopping supporttool.exe
2016-04-09 13:44:18 - ProcessKill 15488
2016-04-09 13:44:18 - Finished supporttool.exe
2016-04-09 13:44:19 - Starting C:\Program Files\nodejs\node.exe --harmony "C:\Users\Epay Jitendra\AppData\Roaming\npm\node_modules\node-windows\lib\wrapper.js" -f "D:\Project\SupportTool\Repository\Tags\SupportTool_NodeJS_V1.0\STWeb\bin\www" -l "Support-Tool" -g 0.25 -w 1 -r 3 -a n
2016-04-09 13:44:19 - Started 7348
2016-04-11 12:59:32 - Stopping supporttool.exe
2016-04-11 12:59:32 - ProcessKill 7348
2016-04-11 12:59:32 - Finished supporttool.exe
2016-04-11 12:59:34 - Starting C:\Program Files\nodejs\node.exe --harmony "C:\Users\Epay Jitendra\AppData\Roaming\npm\node_modules\node-windows\lib\wrapper.js" -f "D:\Project\SupportTool\Repository\Tags\SupportTool_NodeJS_V1.0\STWeb\bin\www" -l "Support-Tool" -g 0.25 -w 1 -r 3 -a n
2016-04-11 12:59:34 - Started 15632
2016-04-11 13:02:40 - Stopping supporttool.exe
2016-04-11 13:02:40 - ProcessKill 15632
2016-04-11 13:02:40 - Finished supporttool.exe
2016-04-11 13:02:42 - Starting C:\Program Files\nodejs\node.exe --harmony "C:\Users\Epay Jitendra\AppData\Roaming\npm\node_modules\node-windows\lib\wrapper.js" -f "D:\Project\SupportTool\Repository\Tags\SupportTool_NodeJS_V1.0\STWeb\bin\www" -l "Support-Tool" -g 0.25 -w 1 -r 3 -a n
2016-04-11 13:02:42 - Started 11540
2016-04-11 13:04:54 - Stopping supporttool.exe
2016-04-11 13:04:54 - ProcessKill 11540
2016-04-11 13:04:54 - Finished supporttool.exe
2016-04-11 13:04:55 - Starting C:\Program Files\nodejs\node.exe --harmony "C:\Users\Epay Jitendra\AppData\Roaming\npm\node_modules\node-windows\lib\wrapper.js" -f "D:\Project\SupportTool\Repository\Tags\SupportTool_NodeJS_V1.0\STWeb\bin\www" -l "Support-Tool" -g 0.25 -w 1 -r 3 -a n
2016-04-11 13:04:55 - Started 15212
2016-04-11 13:05:59 - Stopping supporttool.exe
2016-04-11 13:05:59 - ProcessKill 15212
2016-04-11 13:05:59 - Finished supporttool.exe
2016-04-11 13:06:00 - Starting C:\Program Files\nodejs\node.exe --harmony "C:\Users\Epay Jitendra\AppData\Roaming\npm\node_modules\node-windows\lib\wrapper.js" -f "D:\Project\SupportTool\Repository\Tags\SupportTool_NodeJS_V1.0\STWeb\bin\www" -l "Support-Tool" -g 0.25 -w 1 -r 3 -a n
2016-04-11 13:06:00 - Started 13308
2016-04-11 13:11:21 - Stopping supporttool.exe
2016-04-11 13:11:21 - ProcessKill 13308
2016-04-11 13:11:21 - Finished supporttool.exe
2016-04-11 13:11:22 - Starting C:\Program Files\nodejs\node.exe --harmony "C:\Users\Epay Jitendra\AppData\Roaming\npm\node_modules\node-windows\lib\wrapper.js" -f "D:\Project\SupportTool\Repository\Tags\SupportTool_NodeJS_V1.0\STWeb\bin\www" -l "Support-Tool" -g 0.25 -w 1 -r 3 -a n
2016-04-11 13:11:22 - Started 14064
2016-04-11 13:13:36 - Stopping supporttool.exe
2016-04-11 13:13:36 - ProcessKill 14064
2016-04-11 13:13:36 - Finished supporttool.exe
2016-04-11 13:13:38 - Starting C:\Program Files\nodejs\node.exe --harmony "C:\Users\Epay Jitendra\AppData\Roaming\npm\node_modules\node-windows\lib\wrapper.js" -f "D:\Project\SupportTool\Repository\Tags\SupportTool_NodeJS_V1.0\STWeb\bin\www" -l "Support-Tool" -g 0.25 -w 1 -r 3 -a n
2016-04-11 13:13:38 - Started 2920
2016-04-11 14:45:15 - Stopping supporttool.exe
2016-04-11 14:45:15 - ProcessKill 2920
2016-04-11 14:45:15 - Finished supporttool.exe
2016-04-11 14:45:17 - Starting C:\Program Files\nodejs\node.exe --harmony "C:\Users\Epay Jitendra\AppData\Roaming\npm\node_modules\node-windows\lib\wrapper.js" -f "D:\Project\SupportTool\Repository\Tags\SupportTool_NodeJS_V1.0\STWeb\bin\www" -l "Support-Tool" -g 0.25 -w 1 -r 3 -a n
2016-04-11 14:45:17 - Started 13100
2016-04-11 14:57:38 - Stopping supporttool.exe
2016-04-11 14:57:38 - ProcessKill 13100
2016-04-11 14:57:38 - Finished supporttool.exe
2016-04-11 14:57:40 - Starting C:\Program Files\nodejs\node.exe --harmony "C:\Users\Epay Jitendra\AppData\Roaming\npm\node_modules\node-windows\lib\wrapper.js" -f "D:\Project\SupportTool\Repository\Tags\SupportTool_NodeJS_V1.0\STWeb\bin\www" -l "Support-Tool" -g 0.25 -w 1 -r 3 -a n
2016-04-11 14:57:40 - Started 9444
2016-04-11 15:02:26 - Stopping supporttool.exe
2016-04-11 15:02:26 - ProcessKill 9444
2016-04-11 15:02:26 - Finished supporttool.exe
2016-04-11 15:02:28 - Starting C:\Program Files\nodejs\node.exe --harmony "C:\Users\Epay Jitendra\AppData\Roaming\npm\node_modules\node-windows\lib\wrapper.js" -f "D:\Project\SupportTool\Repository\Tags\SupportTool_NodeJS_V1.0\STWeb\bin\www" -l "Support-Tool" -g 0.25 -w 1 -r 3 -a n
2016-04-11 15:02:28 - Started 14932
2016-04-11 15:06:37 - Stopping supporttool.exe
2016-04-11 15:06:37 - ProcessKill 14932
2016-04-11 15:06:37 - Finished supporttool.exe
2016-04-11 15:06:39 - Starting C:\Program Files\nodejs\node.exe --harmony "C:\Users\Epay Jitendra\AppData\Roaming\npm\node_modules\node-windows\lib\wrapper.js" -f "D:\Project\SupportTool\Repository\Tags\SupportTool_NodeJS_V1.0\STWeb\bin\www" -l "Support-Tool" -g 0.25 -w 1 -r 3 -a n
2016-04-11 15:06:39 - Started 13220
2016-04-11 15:08:29 - Stopping supporttool.exe
2016-04-11 15:08:29 - ProcessKill 13220
2016-04-11 15:08:29 - Finished supporttool.exe
2016-04-11 15:08:31 - Starting C:\Program Files\nodejs\node.exe --harmony "C:\Users\Epay Jitendra\AppData\Roaming\npm\node_modules\node-windows\lib\wrapper.js" -f "D:\Project\SupportTool\Repository\Tags\SupportTool_NodeJS_V1.0\STWeb\bin\www" -l "Support-Tool" -g 0.25 -w 1 -r 3 -a n
2016-04-11 15:08:31 - Started 3700
2016-04-11 15:14:14 - Stopping supporttool.exe
2016-04-11 15:14:14 - ProcessKill 3700
2016-04-11 15:14:14 - Finished supporttool.exe
2016-04-11 15:14:15 - Starting C:\Program Files\nodejs\node.exe --harmony "C:\Users\Epay Jitendra\AppData\Roaming\npm\node_modules\node-windows\lib\wrapper.js" -f "D:\Project\SupportTool\Repository\Tags\SupportTool_NodeJS_V1.0\STWeb\bin\www" -l "Support-Tool" -g 0.25 -w 1 -r 3 -a n
2016-04-11 15:14:15 - Started 10024
2016-04-11 15:20:25 - Stopping supporttool.exe
2016-04-11 15:20:25 - ProcessKill 10024
2016-04-11 15:20:25 - Finished supporttool.exe
2016-04-11 15:20:27 - Starting C:\Program Files\nodejs\node.exe --harmony "C:\Users\Epay Jitendra\AppData\Roaming\npm\node_modules\node-windows\lib\wrapper.js" -f "D:\Project\SupportTool\Repository\Tags\SupportTool_NodeJS_V1.0\STWeb\bin\www" -l "Support-Tool" -g 0.25 -w 1 -r 3 -a n
2016-04-11 15:20:27 - Started 13732
2016-04-11 15:21:50 - Stopping supporttool.exe
2016-04-11 15:21:50 - ProcessKill 13732
2016-04-11 15:21:50 - Finished supporttool.exe
2016-04-11 15:21:52 - Starting C:\Program Files\nodejs\node.exe --harmony "C:\Users\Epay Jitendra\AppData\Roaming\npm\node_modules\node-windows\lib\wrapper.js" -f "D:\Project\SupportTool\Repository\Tags\SupportTool_NodeJS_V1.0\STWeb\bin\www" -l "Support-Tool" -g 0.25 -w 1 -r 3 -a n
2016-04-11 15:21:52 - Started 15832
2016-04-11 15:23:17 - Stopping supporttool.exe
2016-04-11 15:23:17 - ProcessKill 15832
2016-04-11 15:23:17 - Finished supporttool.exe
2016-04-11 15:23:18 - Starting C:\Program Files\nodejs\node.exe --harmony "C:\Users\Epay Jitendra\AppData\Roaming\npm\node_modules\node-windows\lib\wrapper.js" -f "D:\Project\SupportTool\Repository\Tags\SupportTool_NodeJS_V1.0\STWeb\bin\www" -l "Support-Tool" -g 0.25 -w 1 -r 3 -a n
2016-04-11 15:23:18 - Started 13212
2016-04-11 15:40:10 - Stopping supporttool.exe
2016-04-11 15:40:10 - ProcessKill 13212
2016-04-11 15:40:10 - Finished supporttool.exe
2016-04-11 15:40:12 - Starting C:\Program Files\nodejs\node.exe --harmony "C:\Users\Epay Jitendra\AppData\Roaming\npm\node_modules\node-windows\lib\wrapper.js" -f "D:\Project\SupportTool\Repository\Tags\SupportTool_NodeJS_V1.0\STWeb\bin\www" -l "Support-Tool" -g 0.25 -w 1 -r 3 -a n
2016-04-11 15:40:12 - Started 9852
2016-04-11 16:09:41 - Stopping supporttool.exe
2016-04-11 16:09:41 - ProcessKill 9852
2016-04-11 16:09:41 - Finished supporttool.exe
2016-04-11 16:09:43 - Starting C:\Program Files\nodejs\node.exe --harmony "C:\Users\Epay Jitendra\AppData\Roaming\npm\node_modules\node-windows\lib\wrapper.js" -f "D:\Project\SupportTool\Repository\Tags\SupportTool_NodeJS_V1.0\STWeb\bin\www" -l "Support-Tool" -g 0.25 -w 1 -r 3 -a n
2016-04-11 16:09:43 - Started 16184
2016-04-11 16:10:44 - Stopping supporttool.exe
2016-04-11 16:10:44 - ProcessKill 16184
2016-04-11 16:10:44 - Finished supporttool.exe
2016-04-11 16:10:45 - Starting C:\Program Files\nodejs\node.exe --harmony "C:\Users\Epay Jitendra\AppData\Roaming\npm\node_modules\node-windows\lib\wrapper.js" -f "D:\Project\SupportTool\Repository\Tags\SupportTool_NodeJS_V1.0\STWeb\bin\www" -l "Support-Tool" -g 0.25 -w 1 -r 3 -a n
2016-04-11 16:10:45 - Started 15552
2016-04-11 16:17:12 - Stopping supporttool.exe
2016-04-11 16:17:12 - ProcessKill 15552
2016-04-11 16:17:12 - Finished supporttool.exe
2016-04-11 16:17:14 - Starting C:\Program Files\nodejs\node.exe --harmony "C:\Users\Epay Jitendra\AppData\Roaming\npm\node_modules\node-windows\lib\wrapper.js" -f "D:\Project\SupportTool\Repository\Tags\SupportTool_NodeJS_V1.0\STWeb\bin\www" -l "Support-Tool" -g 0.25 -w 1 -r 3 -a n
2016-04-11 16:17:14 - Started 12008
2016-04-11 16:19:23 - Stopping supporttool.exe
2016-04-11 16:19:23 - ProcessKill 12008
2016-04-11 16:19:23 - Finished supporttool.exe
2016-04-11 16:19:25 - Starting C:\Program Files\nodejs\node.exe --harmony "C:\Users\Epay Jitendra\AppData\Roaming\npm\node_modules\node-windows\lib\wrapper.js" -f "D:\Project\SupportTool\Repository\Tags\SupportTool_NodeJS_V1.0\STWeb\bin\www" -l "Support-Tool" -g 0.25 -w 1 -r 3 -a n
2016-04-11 16:19:25 - Started 14124
2016-04-11 16:20:54 - Stopping supporttool.exe
2016-04-11 16:20:54 - ProcessKill 14124
2016-04-11 16:20:55 - Finished supporttool.exe
2016-04-11 16:20:56 - Starting C:\Program Files\nodejs\node.exe --harmony "C:\Users\Epay Jitendra\AppData\Roaming\npm\node_modules\node-windows\lib\wrapper.js" -f "D:\Project\SupportTool\Repository\Tags\SupportTool_NodeJS_V1.0\STWeb\bin\www" -l "Support-Tool" -g 0.25 -w 1 -r 3 -a n
2016-04-11 16:20:56 - Started 9052
2016-04-11 16:21:58 - Stopping supporttool.exe
2016-04-11 16:21:58 - ProcessKill 9052
2016-04-11 16:21:58 - Finished supporttool.exe
2016-04-11 16:22:00 - Starting C:\Program Files\nodejs\node.exe --harmony "C:\Users\Epay Jitendra\AppData\Roaming\npm\node_modules\node-windows\lib\wrapper.js" -f "D:\Project\SupportTool\Repository\Tags\SupportTool_NodeJS_V1.0\STWeb\bin\www" -l "Support-Tool" -g 0.25 -w 1 -r 3 -a n
2016-04-11 16:22:00 - Started 15744
2016-04-11 16:23:16 - Stopping supporttool.exe
2016-04-11 16:23:16 - ProcessKill 15744
2016-04-11 16:23:16 - Finished supporttool.exe
2016-04-11 16:23:18 - Starting C:\Program Files\nodejs\node.exe --harmony "C:\Users\Epay Jitendra\AppData\Roaming\npm\node_modules\node-windows\lib\wrapper.js" -f "D:\Project\SupportTool\Repository\Tags\SupportTool_NodeJS_V1.0\STWeb\bin\www" -l "Support-Tool" -g 0.25 -w 1 -r 3 -a n
2016-04-11 16:23:18 - Started 12304
2016-04-11 16:26:03 - Stopping supporttool.exe
2016-04-11 16:26:03 - ProcessKill 12304
2016-04-11 16:26:03 - Finished supporttool.exe
2016-04-11 16:26:04 - Starting C:\Program Files\nodejs\node.exe --harmony "C:\Users\Epay Jitendra\AppData\Roaming\npm\node_modules\node-windows\lib\wrapper.js" -f "D:\Project\SupportTool\Repository\Tags\SupportTool_NodeJS_V1.0\STWeb\bin\www" -l "Support-Tool" -g 0.25 -w 1 -r 3 -a n
2016-04-11 16:26:04 - Started 16232
2016-04-11 16:27:05 - Stopping supporttool.exe
2016-04-11 16:27:05 - ProcessKill 16232
2016-04-11 16:27:05 - Finished supporttool.exe
2016-04-11 16:27:06 - Starting C:\Program Files\nodejs\node.exe --harmony "C:\Users\Epay Jitendra\AppData\Roaming\npm\node_modules\node-windows\lib\wrapper.js" -f "D:\Project\SupportTool\Repository\Tags\SupportTool_NodeJS_V1.0\STWeb\bin\www" -l "Support-Tool" -g 0.25 -w 1 -r 3 -a n
2016-04-11 16:27:06 - Started 4228
2016-04-11 16:30:39 - Stopping supporttool.exe
2016-04-11 16:30:39 - ProcessKill 4228
2016-04-11 16:30:39 - Finished supporttool.exe
2016-04-11 16:30:40 - Starting C:\Program Files\nodejs\node.exe --harmony "C:\Users\Epay Jitendra\AppData\Roaming\npm\node_modules\node-windows\lib\wrapper.js" -f "D:\Project\SupportTool\Repository\Tags\SupportTool_NodeJS_V1.0\STWeb\bin\www" -l "Support-Tool" -g 0.25 -w 1 -r 3 -a n
2016-04-11 16:30:40 - Started 9884
2016-04-12 11:11:40 - Stopping supporttool.exe
2016-04-12 11:11:40 - ProcessKill 9884
2016-04-12 11:11:40 - Finished supporttool.exe
2016-04-12 11:11:43 - Starting C:\Program Files\nodejs\node.exe --harmony "C:\Users\Epay Jitendra\AppData\Roaming\npm\node_modules\node-windows\lib\wrapper.js" -f "D:\Project\SupportTool\Repository\Tags\SupportTool_NodeJS_V1.0\STWeb\bin\www" -l "Support-Tool" -g 0.25 -w 1 -r 3 -a n
2016-04-12 11:11:43 - Started 14672
2016-04-12 11:13:12 - Stopping supporttool.exe
2016-04-12 11:13:12 - ProcessKill 14672
2016-04-12 11:13:12 - Finished supporttool.exe
2016-04-12 11:13:13 - Starting C:\Program Files\nodejs\node.exe --harmony "C:\Users\Epay Jitendra\AppData\Roaming\npm\node_modules\node-windows\lib\wrapper.js" -f "D:\Project\SupportTool\Repository\Tags\SupportTool_NodeJS_V1.0\STWeb\bin\www" -l "Support-Tool" -g 0.25 -w 1 -r 3 -a n
2016-04-12 11:13:13 - Started 10720
2016-04-12 12:56:14 - Stopping supporttool.exe
2016-04-12 12:56:14 - ProcessKill 10720
2016-04-12 12:56:14 - Finished supporttool.exe
2016-04-12 12:56:18 - Starting C:\Program Files\nodejs\node.exe --harmony "C:\Users\Epay Jitendra\AppData\Roaming\npm\node_modules\node-windows\lib\wrapper.js" -f "D:\Project\SupportTool\Repository\Tags\SupportTool_NodeJS_V1.0\STWeb\bin\www" -l "Support-Tool" -g 0.25 -w 1 -r 3 -a n
2016-04-12 12:56:18 - Started 8344
2016-04-12 12:59:24 - Stopping supporttool.exe
2016-04-12 12:59:24 - ProcessKill 8344
2016-04-12 12:59:24 - Finished supporttool.exe
2016-04-12 12:59:26 - Starting C:\Program Files\nodejs\node.exe --harmony "C:\Users\Epay Jitendra\AppData\Roaming\npm\node_modules\node-windows\lib\wrapper.js" -f "D:\Project\SupportTool\Repository\Tags\SupportTool_NodeJS_V1.0\STWeb\bin\www" -l "Support-Tool" -g 0.25 -w 1 -r 3 -a n
2016-04-12 12:59:26 - Started 15764
2016-04-12 14:25:17 - Stopping supporttool.exe
2016-04-12 14:25:17 - ProcessKill 15764
2016-04-12 14:25:17 - Finished supporttool.exe
2016-04-12 14:25:19 - Starting C:\Program Files\nodejs\node.exe --harmony "C:\Users\Epay Jitendra\AppData\Roaming\npm\node_modules\node-windows\lib\wrapper.js" -f "D:\Project\SupportTool\Repository\Tags\SupportTool_NodeJS_V1.0\STWeb\bin\www" -l "Support-Tool" -g 0.25 -w 1 -r 3 -a n
2016-04-12 14:25:19 - Started 11404
2016-04-12 14:31:25 - Stopping supporttool.exe
2016-04-12 14:31:25 - ProcessKill 11404
2016-04-12 14:31:25 - Finished supporttool.exe
2016-04-12 14:31:26 - Starting C:\Program Files\nodejs\node.exe --harmony "C:\Users\Epay Jitendra\AppData\Roaming\npm\node_modules\node-windows\lib\wrapper.js" -f "D:\Project\SupportTool\Repository\Tags\SupportTool_NodeJS_V1.0\STWeb\bin\www" -l "Support-Tool" -g 0.25 -w 1 -r 3 -a n
2016-04-12 14:31:26 - Started 9452
2016-04-12 14:35:31 - Stopping supporttool.exe
2016-04-12 14:35:31 - ProcessKill 9452
2016-04-12 14:35:31 - Finished supporttool.exe
2016-04-12 14:35:33 - Starting C:\Program Files\nodejs\node.exe --harmony "C:\Users\Epay Jitendra\AppData\Roaming\npm\node_modules\node-windows\lib\wrapper.js" -f "D:\Project\SupportTool\Repository\Tags\SupportTool_NodeJS_V1.0\STWeb\bin\www" -l "Support-Tool" -g 0.25 -w 1 -r 3 -a n
2016-04-12 14:35:33 - Started 7388
2016-04-12 14:39:07 - Stopping supporttool.exe
2016-04-12 14:39:07 - ProcessKill 7388
2016-04-12 14:39:07 - Finished supporttool.exe
2016-04-12 14:39:09 - Starting C:\Program Files\nodejs\node.exe --harmony "C:\Users\Epay Jitendra\AppData\Roaming\npm\node_modules\node-windows\lib\wrapper.js" -f "D:\Project\SupportTool\Repository\Tags\SupportTool_NodeJS_V1.0\STWeb\bin\www" -l "Support-Tool" -g 0.25 -w 1 -r 3 -a n
2016-04-12 14:39:09 - Started 10588
2016-04-12 14:44:19 - Stopping supporttool.exe
2016-04-12 14:44:19 - ProcessKill 10588
2016-04-12 14:44:19 - Finished supporttool.exe
2016-04-12 14:44:21 - Starting C:\Program Files\nodejs\node.exe --harmony "C:\Users\Epay Jitendra\AppData\Roaming\npm\node_modules\node-windows\lib\wrapper.js" -f "D:\Project\SupportTool\Repository\Tags\SupportTool_NodeJS_V1.0\STWeb\bin\www" -l "Support-Tool" -g 0.25 -w 1 -r 3 -a n
2016-04-12 14:44:21 - Started 4936
2016-04-12 14:47:48 - Stopping supporttool.exe
2016-04-12 14:47:48 - ProcessKill 4936
2016-04-12 14:47:48 - Finished supporttool.exe
2016-04-12 14:47:50 - Starting C:\Program Files\nodejs\node.exe --harmony "C:\Users\Epay Jitendra\AppData\Roaming\npm\node_modules\node-windows\lib\wrapper.js" -f "D:\Project\SupportTool\Repository\Tags\SupportTool_NodeJS_V1.0\STWeb\bin\www" -l "Support-Tool" -g 0.25 -w 1 -r 3 -a n
2016-04-12 14:47:50 - Started 10896
2016-04-12 14:49:45 - Stopping supporttool.exe
2016-04-12 14:49:45 - ProcessKill 10896
2016-04-12 14:49:45 - Finished supporttool.exe
2016-04-12 14:49:46 - Starting C:\Program Files\nodejs\node.exe --harmony "C:\Users\Epay Jitendra\AppData\Roaming\npm\node_modules\node-windows\lib\wrapper.js" -f "D:\Project\SupportTool\Repository\Tags\SupportTool_NodeJS_V1.0\STWeb\bin\www" -l "Support-Tool" -g 0.25 -w 1 -r 3 -a n
2016-04-12 14:49:46 - Started 13540
2016-04-12 14:50:37 - Stopping supporttool.exe
2016-04-12 14:50:37 - ProcessKill 13540
2016-04-12 14:50:37 - Finished supporttool.exe
2016-04-12 14:50:39 - Starting C:\Program Files\nodejs\node.exe --harmony "C:\Users\Epay Jitendra\AppData\Roaming\npm\node_modules\node-windows\lib\wrapper.js" -f "D:\Project\SupportTool\Repository\Tags\SupportTool_NodeJS_V1.0\STWeb\bin\www" -l "Support-Tool" -g 0.25 -w 1 -r 3 -a n
2016-04-12 14:50:39 - Started 2096
2016-04-12 15:09:00 - Stopping supporttool.exe
2016-04-12 15:09:00 - ProcessKill 2096
2016-04-12 15:09:00 - Finished supporttool.exe
2016-04-12 15:09:02 - Starting C:\Program Files\nodejs\node.exe --harmony "C:\Users\Epay Jitendra\AppData\Roaming\npm\node_modules\node-windows\lib\wrapper.js" -f "D:\Project\SupportTool\Repository\Tags\SupportTool_NodeJS_V1.0\STWeb\bin\www" -l "Support-Tool" -g 0.25 -w 1 -r 3 -a n
2016-04-12 15:09:02 - Started 10120
2016-04-12 15:14:47 - Stopping supporttool.exe
2016-04-12 15:14:47 - ProcessKill 10120
2016-04-12 15:14:47 - Finished supporttool.exe
2016-04-12 15:14:48 - Starting C:\Program Files\nodejs\node.exe --harmony "C:\Users\Epay Jitendra\AppData\Roaming\npm\node_modules\node-windows\lib\wrapper.js" -f "D:\Project\SupportTool\Repository\Tags\SupportTool_NodeJS_V1.0\STWeb\bin\www" -l "Support-Tool" -g 0.25 -w 1 -r 3 -a n
2016-04-12 15:14:48 - Started 15196
2016-04-12 15:18:11 - Stopping supporttool.exe
2016-04-12 15:18:11 - ProcessKill 15196
2016-04-12 15:18:11 - Finished supporttool.exe
2016-04-12 15:18:13 - Starting C:\Program Files\nodejs\node.exe --harmony "C:\Users\Epay Jitendra\AppData\Roaming\npm\node_modules\node-windows\lib\wrapper.js" -f "D:\Project\SupportTool\Repository\Tags\SupportTool_NodeJS_V1.0\STWeb\bin\www" -l "Support-Tool" -g 0.25 -w 1 -r 3 -a n
2016-04-12 15:18:13 - Started 9620
2016-04-12 15:45:14 - Stopping supporttool.exe
2016-04-12 15:45:14 - ProcessKill 9620
2016-04-12 15:45:14 - Finished supporttool.exe
2016-04-12 15:45:16 - Starting C:\Program Files\nodejs\node.exe --harmony "C:\Users\Epay Jitendra\AppData\Roaming\npm\node_modules\node-windows\lib\wrapper.js" -f "D:\Project\SupportTool\Repository\Tags\SupportTool_NodeJS_V1.0\STWeb\bin\www" -l "Support-Tool" -g 0.25 -w 1 -r 3 -a n
2016-04-12 15:45:16 - Started 9792
2016-04-12 15:47:58 - Stopping supporttool.exe
2016-04-12 15:47:58 - ProcessKill 9792
2016-04-12 15:47:58 - Finished supporttool.exe
2016-04-12 15:47:59 - Starting C:\Program Files\nodejs\node.exe --harmony "C:\Users\Epay Jitendra\AppData\Roaming\npm\node_modules\node-windows\lib\wrapper.js" -f "D:\Project\SupportTool\Repository\Tags\SupportTool_NodeJS_V1.0\STWeb\bin\www" -l "Support-Tool" -g 0.25 -w 1 -r 3 -a n
2016-04-12 15:47:59 - Started 15296
2016-04-12 15:53:53 - Stopping supporttool.exe
2016-04-12 15:53:53 - ProcessKill 15296
2016-04-12 15:53:53 - Finished supporttool.exe
2016-04-12 15:53:54 - Starting C:\Program Files\nodejs\node.exe --harmony "C:\Users\Epay Jitendra\AppData\Roaming\npm\node_modules\node-windows\lib\wrapper.js" -f "D:\Project\SupportTool\Repository\Tags\SupportTool_NodeJS_V1.0\STWeb\bin\www" -l "Support-Tool" -g 0.25 -w 1 -r 3 -a n
2016-04-12 15:53:54 - Started 13964
2016-04-12 15:54:54 - Stopping supporttool.exe
2016-04-12 15:54:54 - ProcessKill 13964
2016-04-12 15:54:54 - Finished supporttool.exe
2016-04-12 15:54:55 - Starting C:\Program Files\nodejs\node.exe --harmony "C:\Users\Epay Jitendra\AppData\Roaming\npm\node_modules\node-windows\lib\wrapper.js" -f "D:\Project\SupportTool\Repository\Tags\SupportTool_NodeJS_V1.0\STWeb\bin\www" -l "Support-Tool" -g 0.25 -w 1 -r 3 -a n
2016-04-12 15:54:55 - Started 13192
2016-04-12 15:56:37 - Stopping supporttool.exe
2016-04-12 15:56:37 - ProcessKill 13192
2016-04-12 15:56:37 - Finished supporttool.exe
2016-04-12 15:56:38 - Starting C:\Program Files\nodejs\node.exe --harmony "C:\Users\Epay Jitendra\AppData\Roaming\npm\node_modules\node-windows\lib\wrapper.js" -f "D:\Project\SupportTool\Repository\Tags\SupportTool_NodeJS_V1.0\STWeb\bin\www" -l "Support-Tool" -g 0.25 -w 1 -r 3 -a n
2016-04-12 15:56:38 - Started 8968
2016-04-12 16:02:09 - Stopping supporttool.exe
2016-04-12 16:02:09 - ProcessKill 8968
2016-04-12 16:02:09 - Finished supporttool.exe
2016-04-12 16:02:11 - Starting C:\Program Files\nodejs\node.exe --harmony "C:\Users\Epay Jitendra\AppData\Roaming\npm\node_modules\node-windows\lib\wrapper.js" -f "D:\Project\SupportTool\Repository\Tags\SupportTool_NodeJS_V1.0\STWeb\bin\www" -l "Support-Tool" -g 0.25 -w 1 -r 3 -a n
2016-04-12 16:02:11 - Started 14312
2016-04-12 16:04:27 - Stopping supporttool.exe
2016-04-12 16:04:27 - ProcessKill 14312
2016-04-12 16:04:27 - Finished supporttool.exe
2016-04-12 16:04:28 - Starting C:\Program Files\nodejs\node.exe --harmony "C:\Users\Epay Jitendra\AppData\Roaming\npm\node_modules\node-windows\lib\wrapper.js" -f "D:\Project\SupportTool\Repository\Tags\SupportTool_NodeJS_V1.0\STWeb\bin\www" -l "Support-Tool" -g 0.25 -w 1 -r 3 -a n
2016-04-12 16:04:28 - Started 11972
2016-04-12 18:08:43 - Stopping supporttool.exe
2016-04-12 18:08:43 - ProcessKill 11972
2016-04-12 18:08:43 - Finished supporttool.exe
2016-04-12 18:10:13 - Starting C:\Program Files\nodejs\node.exe --harmony "C:\Users\Epay Jitendra\AppData\Roaming\npm\node_modules\node-windows\lib\wrapper.js" -f "D:\Project\SupportTool\Repository\Tags\SupportTool_NodeJS_V1.0\STWeb\bin\www" -l "Support-Tool" -g 0.25 -w 1 -r 3 -a n
2016-04-12 18:10:13 - Started 3736
2016-04-12 18:14:20 - Starting C:\Program Files\nodejs\node.exe --harmony "C:\Users\Epay Jitendra\AppData\Roaming\npm\node_modules\node-windows\lib\wrapper.js" -f "D:\Project\SupportTool\Repository\Tags\SupportTool_NodeJS_V1.0\STWeb\bin\www" -l "Support-Tool" -g 0.25 -w 1 -r 3 -a n
2016-04-12 18:14:20 - Started 3312
2016-04-12 18:33:35 - Stopping supporttool.exe
2016-04-12 18:33:35 - ProcessKill 3312
2016-04-12 18:33:35 - Finished supporttool.exe
2016-04-13 10:03:12 - Starting C:\Program Files\nodejs\node.exe --harmony "C:\Users\Epay Jitendra\AppData\Roaming\npm\node_modules\node-windows\lib\wrapper.js" -f "D:\Project\SupportTool\Repository\Tags\SupportTool_NodeJS_V1.0\STWeb\bin\www" -l "Support-Tool" -g 0.25 -w 1 -r 3 -a n
2016-04-13 10:03:14 - Started 3400
2016-04-13 11:07:51 - Stopping supporttool.exe
2016-04-13 11:07:51 - ProcessKill 3400
2016-04-13 11:07:51 - Finished supporttool.exe
2016-04-13 11:07:53 - Starting C:\Program Files\nodejs\node.exe --harmony "C:\Users\Epay Jitendra\AppData\Roaming\npm\node_modules\node-windows\lib\wrapper.js" -f "D:\Project\SupportTool\Repository\Tags\SupportTool_NodeJS_V1.0\STWeb\bin\www" -l "Support-Tool" -g 0.25 -w 1 -r 3 -a n
2016-04-13 11:07:53 - Started 9340
2016-04-13 11:10:08 - Stopping supporttool.exe
2016-04-13 11:10:08 - ProcessKill 9340
2016-04-13 11:10:08 - Finished supporttool.exe
2016-04-13 11:10:10 - Starting C:\Program Files\nodejs\node.exe --harmony "C:\Users\Epay Jitendra\AppData\Roaming\npm\node_modules\node-windows\lib\wrapper.js" -f "D:\Project\SupportTool\Repository\Tags\SupportTool_NodeJS_V1.0\STWeb\bin\www" -l "Support-Tool" -g 0.25 -w 1 -r 3 -a n
2016-04-13 11:10:10 - Started 7348
2016-04-13 11:12:24 - Stopping supporttool.exe
2016-04-13 11:12:24 - ProcessKill 7348
2016-04-13 11:12:24 - Finished supporttool.exe
2016-04-13 11:12:25 - Starting C:\Program Files\nodejs\node.exe --harmony "C:\Users\Epay Jitendra\AppData\Roaming\npm\node_modules\node-windows\lib\wrapper.js" -f "D:\Project\SupportTool\Repository\Tags\SupportTool_NodeJS_V1.0\STWeb\bin\www" -l "Support-Tool" -g 0.25 -w 1 -r 3 -a n
2016-04-13 11:12:26 - Started 9340
2016-04-13 11:13:30 - Stopping supporttool.exe
2016-04-13 11:13:30 - ProcessKill 9340
2016-04-13 11:13:30 - Finished supporttool.exe
2016-04-13 11:13:32 - Starting C:\Program Files\nodejs\node.exe --harmony "C:\Users\Epay Jitendra\AppData\Roaming\npm\node_modules\node-windows\lib\wrapper.js" -f "D:\Project\SupportTool\Repository\Tags\SupportTool_NodeJS_V1.0\STWeb\bin\www" -l "Support-Tool" -g 0.25 -w 1 -r 3 -a n
2016-04-13 11:13:32 - Started 10604
2016-04-13 11:15:35 - Stopping supporttool.exe
2016-04-13 11:15:35 - ProcessKill 10604
2016-04-13 11:15:35 - Finished supporttool.exe
2016-04-13 11:15:37 - Starting C:\Program Files\nodejs\node.exe --harmony "C:\Users\Epay Jitendra\AppData\Roaming\npm\node_modules\node-windows\lib\wrapper.js" -f "D:\Project\SupportTool\Repository\Tags\SupportTool_NodeJS_V1.0\STWeb\bin\www" -l "Support-Tool" -g 0.25 -w 1 -r 3 -a n
2016-04-13 11:15:37 - Started 5072
2016-04-13 11:20:10 - Stopping supporttool.exe
2016-04-13 11:20:10 - ProcessKill 5072
2016-04-13 11:20:10 - Finished supporttool.exe
2016-04-13 11:20:12 - Starting C:\Program Files\nodejs\node.exe --harmony "C:\Users\Epay Jitendra\AppData\Roaming\npm\node_modules\node-windows\lib\wrapper.js" -f "D:\Project\SupportTool\Repository\Tags\SupportTool_NodeJS_V1.0\STWeb\bin\www" -l "Support-Tool" -g 0.25 -w 1 -r 3 -a n
2016-04-13 11:20:12 - Started 8620
2016-04-13 11:22:21 - Stopping supporttool.exe
2016-04-13 11:22:21 - ProcessKill 8620
2016-04-13 11:22:21 - Finished supporttool.exe
2016-04-13 11:22:22 - Starting C:\Program Files\nodejs\node.exe --harmony "C:\Users\Epay Jitendra\AppData\Roaming\npm\node_modules\node-windows\lib\wrapper.js" -f "D:\Project\SupportTool\Repository\Tags\SupportTool_NodeJS_V1.0\STWeb\bin\www" -l "Support-Tool" -g 0.25 -w 1 -r 3 -a n
2016-04-13 11:22:22 - Started 9464
2016-04-13 11:25:42 - Stopping supporttool.exe
2016-04-13 11:25:42 - ProcessKill 9464
2016-04-13 11:25:42 - Finished supporttool.exe
2016-04-13 11:25:44 - Starting C:\Program Files\nodejs\node.exe --harmony "C:\Users\Epay Jitendra\AppData\Roaming\npm\node_modules\node-windows\lib\wrapper.js" -f "D:\Project\SupportTool\Repository\Tags\SupportTool_NodeJS_V1.0\STWeb\bin\www" -l "Support-Tool" -g 0.25 -w 1 -r 3 -a n
2016-04-13 11:25:44 - Started 8428
2016-04-13 11:33:06 - Stopping supporttool.exe
2016-04-13 11:33:06 - ProcessKill 8428
2016-04-13 11:33:06 - Finished supporttool.exe
2016-04-13 11:33:07 - Starting C:\Program Files\nodejs\node.exe --harmony "C:\Users\Epay Jitendra\AppData\Roaming\npm\node_modules\node-windows\lib\wrapper.js" -f "D:\Project\SupportTool\Repository\Tags\SupportTool_NodeJS_V1.0\STWeb\bin\www" -l "Support-Tool" -g 0.25 -w 1 -r 3 -a n
2016-04-13 11:33:07 - Started 8892
2016-04-13 11:40:41 - Stopping supporttool.exe
2016-04-13 11:40:41 - ProcessKill 8892
2016-04-13 11:40:41 - Finished supporttool.exe
2016-04-13 11:40:42 - Starting C:\Program Files\nodejs\node.exe --harmony "C:\Users\Epay Jitendra\AppData\Roaming\npm\node_modules\node-windows\lib\wrapper.js" -f "D:\Project\SupportTool\Repository\Tags\SupportTool_NodeJS_V1.0\STWeb\bin\www" -l "Support-Tool" -g 0.25 -w 1 -r 3 -a n
2016-04-13 11:40:42 - Started 9804
2016-04-13 12:22:44 - Stopping supporttool.exe
2016-04-13 12:22:44 - ProcessKill 9804
2016-04-13 12:22:44 - Finished supporttool.exe
2016-04-13 12:22:46 - Starting C:\Program Files\nodejs\node.exe --harmony "C:\Users\Epay Jitendra\AppData\Roaming\npm\node_modules\node-windows\lib\wrapper.js" -f "D:\Project\SupportTool\Repository\Tags\SupportTool_NodeJS_V1.0\STWeb\bin\www" -l "Support-Tool" -g 0.25 -w 1 -r 3 -a n
2016-04-13 12:22:46 - Started 2292
2016-04-13 12:23:54 - Stopping supporttool.exe
2016-04-13 12:23:54 - ProcessKill 2292
2016-04-13 12:23:54 - Finished supporttool.exe
2016-04-13 12:23:56 - Starting C:\Program Files\nodejs\node.exe --harmony "C:\Users\Epay Jitendra\AppData\Roaming\npm\node_modules\node-windows\lib\wrapper.js" -f "D:\Project\SupportTool\Repository\Tags\SupportTool_NodeJS_V1.0\STWeb\bin\www" -l "Support-Tool" -g 0.25 -w 1 -r 3 -a n
2016-04-13 12:23:56 - Started 1268
2016-04-13 12:26:41 - Stopping supporttool.exe
2016-04-13 12:26:41 - ProcessKill 1268
2016-04-13 12:26:41 - Finished supporttool.exe
2016-04-13 12:26:42 - Starting C:\Program Files\nodejs\node.exe --harmony "C:\Users\Epay Jitendra\AppData\Roaming\npm\node_modules\node-windows\lib\wrapper.js" -f "D:\Project\SupportTool\Repository\Tags\SupportTool_NodeJS_V1.0\STWeb\bin\www" -l "Support-Tool" -g 0.25 -w 1 -r 3 -a n
2016-04-13 12:26:42 - Started 7228
2016-04-13 12:28:36 - Stopping supporttool.exe
2016-04-13 12:28:36 - ProcessKill 7228
2016-04-13 12:28:36 - Finished supporttool.exe
2016-04-13 12:28:38 - Starting C:\Program Files\nodejs\node.exe --harmony "C:\Users\Epay Jitendra\AppData\Roaming\npm\node_modules\node-windows\lib\wrapper.js" -f "D:\Project\SupportTool\Repository\Tags\SupportTool_NodeJS_V1.0\STWeb\bin\www" -l "Support-Tool" -g 0.25 -w 1 -r 3 -a n
2016-04-13 12:28:38 - Started 8280
2016-04-13 12:29:03 - Stopping supporttool.exe
2016-04-13 12:29:03 - ProcessKill 8280
2016-04-13 12:29:03 - Finished supporttool.exe
2016-04-13 12:29:05 - Starting C:\Program Files\nodejs\node.exe --harmony "C:\Users\Epay Jitendra\AppData\Roaming\npm\node_modules\node-windows\lib\wrapper.js" -f "D:\Project\SupportTool\Repository\Tags\SupportTool_NodeJS_V1.0\STWeb\bin\www" -l "Support-Tool" -g 0.25 -w 1 -r 3 -a n
2016-04-13 12:29:05 - Started 5304
2016-04-13 12:31:07 - Stopping supporttool.exe
2016-04-13 12:31:07 - ProcessKill 5304
2016-04-13 12:31:07 - Finished supporttool.exe
2016-04-13 12:31:09 - Starting C:\Program Files\nodejs\node.exe --harmony "C:\Users\Epay Jitendra\AppData\Roaming\npm\node_modules\node-windows\lib\wrapper.js" -f "D:\Project\SupportTool\Repository\Tags\SupportTool_NodeJS_V1.0\STWeb\bin\www" -l "Support-Tool" -g 0.25 -w 1 -r 3 -a n
2016-04-13 12:31:09 - Started 8532
2016-04-13 12:31:35 - Stopping supporttool.exe
2016-04-13 12:31:35 - ProcessKill 8532
2016-04-13 12:31:35 - Finished supporttool.exe
2016-04-13 12:31:37 - Starting C:\Program Files\nodejs\node.exe --harmony "C:\Users\Epay Jitendra\AppData\Roaming\npm\node_modules\node-windows\lib\wrapper.js" -f "D:\Project\SupportTool\Repository\Tags\SupportTool_NodeJS_V1.0\STWeb\bin\www" -l "Support-Tool" -g 0.25 -w 1 -r 3 -a n
2016-04-13 12:31:37 - Started 8732
2016-04-13 12:32:10 - Stopping supporttool.exe
2016-04-13 12:32:10 - ProcessKill 8732
2016-04-13 12:32:10 - Finished supporttool.exe
2016-04-13 12:32:12 - Starting C:\Program Files\nodejs\node.exe --harmony "C:\Users\Epay Jitendra\AppData\Roaming\npm\node_modules\node-windows\lib\wrapper.js" -f "D:\Project\SupportTool\Repository\Tags\SupportTool_NodeJS_V1.0\STWeb\bin\www" -l "Support-Tool" -g 0.25 -w 1 -r 3 -a n
2016-04-13 12:32:12 - Started 10872
2016-04-13 12:33:07 - Stopping supporttool.exe
2016-04-13 12:33:07 - ProcessKill 10872
2016-04-13 12:33:07 - Finished supporttool.exe
2016-04-13 12:33:08 - Starting C:\Program Files\nodejs\node.exe --harmony "C:\Users\Epay Jitendra\AppData\Roaming\npm\node_modules\node-windows\lib\wrapper.js" -f "D:\Project\SupportTool\Repository\Tags\SupportTool_NodeJS_V1.0\STWeb\bin\www" -l "Support-Tool" -g 0.25 -w 1 -r 3 -a n
2016-04-13 12:33:08 - Started 8204
2016-04-13 12:33:40 - Stopping supporttool.exe
2016-04-13 12:33:41 - ProcessKill 8204
2016-04-13 12:33:41 - Finished supporttool.exe
2016-04-13 12:33:42 - Starting C:\Program Files\nodejs\node.exe --harmony "C:\Users\Epay Jitendra\AppData\Roaming\npm\node_modules\node-windows\lib\wrapper.js" -f "D:\Project\SupportTool\Repository\Tags\SupportTool_NodeJS_V1.0\STWeb\bin\www" -l "Support-Tool" -g 0.25 -w 1 -r 3 -a n
2016-04-13 12:33:42 - Started 10472
2016-04-13 13:01:46 - Stopping supporttool.exe
2016-04-13 13:01:46 - ProcessKill 10472
2016-04-13 13:01:46 - Finished supporttool.exe
2016-04-13 13:01:47 - Starting C:\Program Files\nodejs\node.exe --harmony "C:\Users\Epay Jitendra\AppData\Roaming\npm\node_modules\node-windows\lib\wrapper.js" -f "D:\Project\SupportTool\Repository\Tags\SupportTool_NodeJS_V1.0\STWeb\bin\www" -l "Support-Tool" -g 0.25 -w 1 -r 3 -a n
2016-04-13 13:01:47 - Started 2440
2016-04-13 13:19:45 - Stopping supporttool.exe
2016-04-13 13:19:45 - ProcessKill 2440
2016-04-13 13:19:45 - Finished supporttool.exe
2016-04-13 13:19:47 - Starting C:\Program Files\nodejs\node.exe --harmony "C:\Users\Epay Jitendra\AppData\Roaming\npm\node_modules\node-windows\lib\wrapper.js" -f "D:\Project\SupportTool\Repository\Tags\SupportTool_NodeJS_V1.0\STWeb\bin\www" -l "Support-Tool" -g 0.25 -w 1 -r 3 -a n
2016-04-13 13:19:47 - Started 9904
2016-04-13 13:22:18 - Stopping supporttool.exe
2016-04-13 13:22:18 - ProcessKill 9904
2016-04-13 13:22:18 - Finished supporttool.exe
2016-04-13 13:22:19 - Starting C:\Program Files\nodejs\node.exe --harmony "C:\Users\Epay Jitendra\AppData\Roaming\npm\node_modules\node-windows\lib\wrapper.js" -f "D:\Project\SupportTool\Repository\Tags\SupportTool_NodeJS_V1.0\STWeb\bin\www" -l "Support-Tool" -g 0.25 -w 1 -r 3 -a n
2016-04-13 13:22:19 - Started 6956
2016-04-13 13:23:32 - Stopping supporttool.exe
2016-04-13 13:23:32 - ProcessKill 6956
2016-04-13 13:23:32 - Finished supporttool.exe
2016-04-13 13:23:33 - Starting C:\Program Files\nodejs\node.exe --harmony "C:\Users\Epay Jitendra\AppData\Roaming\npm\node_modules\node-windows\lib\wrapper.js" -f "D:\Project\SupportTool\Repository\Tags\SupportTool_NodeJS_V1.0\STWeb\bin\www" -l "Support-Tool" -g 0.25 -w 1 -r 3 -a n
2016-04-13 13:23:33 - Started 11748
2016-04-13 13:30:24 - Stopping supporttool.exe
2016-04-13 13:30:24 - ProcessKill 11748
2016-04-13 13:30:24 - Finished supporttool.exe
2016-04-13 13:30:26 - Starting C:\Program Files\nodejs\node.exe --harmony "C:\Users\Epay Jitendra\AppData\Roaming\npm\node_modules\node-windows\lib\wrapper.js" -f "D:\Project\SupportTool\Repository\Tags\SupportTool_NodeJS_V1.0\STWeb\bin\www" -l "Support-Tool" -g 0.25 -w 1 -r 3 -a n
2016-04-13 13:30:26 - Started 1308
2016-04-13 14:10:50 - Stopping supporttool.exe
2016-04-13 14:10:50 - ProcessKill 1308
2016-04-13 14:10:50 - Finished supporttool.exe
2016-04-13 14:10:51 - Starting C:\Program Files\nodejs\node.exe --harmony "C:\Users\Epay Jitendra\AppData\Roaming\npm\node_modules\node-windows\lib\wrapper.js" -f "D:\Project\SupportTool\Repository\Tags\SupportTool_NodeJS_V1.0\STWeb\bin\www" -l "Support-Tool" -g 0.25 -w 1 -r 3 -a n
2016-04-13 14:10:51 - Started 11588
2016-04-13 14:13:42 - Stopping supporttool.exe
2016-04-13 14:13:42 - ProcessKill 11588
2016-04-13 14:13:42 - Finished supporttool.exe
2016-04-13 14:13:44 - Starting C:\Program Files\nodejs\node.exe --harmony "C:\Users\Epay Jitendra\AppData\Roaming\npm\node_modules\node-windows\lib\wrapper.js" -f "D:\Project\SupportTool\Repository\Tags\SupportTool_NodeJS_V1.0\STWeb\bin\www" -l "Support-Tool" -g 0.25 -w 1 -r 3 -a n
2016-04-13 14:13:44 - Started 9880
2016-04-13 14:15:37 - Stopping supporttool.exe
2016-04-13 14:15:37 - ProcessKill 9880
2016-04-13 14:15:37 - Finished supporttool.exe
2016-04-13 14:15:38 - Starting C:\Program Files\nodejs\node.exe --harmony "C:\Users\Epay Jitendra\AppData\Roaming\npm\node_modules\node-windows\lib\wrapper.js" -f "D:\Project\SupportTool\Repository\Tags\SupportTool_NodeJS_V1.0\STWeb\bin\www" -l "Support-Tool" -g 0.25 -w 1 -r 3 -a n
2016-04-13 14:15:38 - Started 9560
2016-04-13 14:43:31 - Stopping supporttool.exe
2016-04-13 14:43:31 - ProcessKill 9560
2016-04-13 14:43:31 - Finished supporttool.exe
2016-04-13 14:43:32 - Starting C:\Program Files\nodejs\node.exe --harmony "C:\Users\Epay Jitendra\AppData\Roaming\npm\node_modules\node-windows\lib\wrapper.js" -f "D:\Project\SupportTool\Repository\Tags\SupportTool_NodeJS_V1.0\STWeb\bin\www" -l "Support-Tool" -g 0.25 -w 1 -r 3 -a n
2016-04-13 14:43:32 - Started 12224
2016-04-13 14:50:12 - Stopping supporttool.exe
2016-04-13 14:50:12 - ProcessKill 12224
2016-04-13 14:50:12 - Finished supporttool.exe
2016-04-13 14:50:14 - Starting C:\Program Files\nodejs\node.exe --harmony "C:\Users\Epay Jitendra\AppData\Roaming\npm\node_modules\node-windows\lib\wrapper.js" -f "D:\Project\SupportTool\Repository\Tags\SupportTool_NodeJS_V1.0\STWeb\bin\www" -l "Support-Tool" -g 0.25 -w 1 -r 3 -a n
2016-04-13 14:50:14 - Started 7200
2016-04-13 14:54:12 - Stopping supporttool.exe
2016-04-13 14:54:12 - ProcessKill 7200
2016-04-13 14:54:12 - Finished supporttool.exe
2016-04-13 14:54:14 - Starting C:\Program Files\nodejs\node.exe --harmony "C:\Users\Epay Jitendra\AppData\Roaming\npm\node_modules\node-windows\lib\wrapper.js" -f "D:\Project\SupportTool\Repository\Tags\SupportTool_NodeJS_V1.0\STWeb\bin\www" -l "Support-Tool" -g 0.25 -w 1 -r 3 -a n
2016-04-13 14:54:14 - Started 9940
2016-04-13 14:54:34 - Stopping supporttool.exe
2016-04-13 14:54:34 - ProcessKill 9940
2016-04-13 14:54:34 - Finished supporttool.exe
2016-04-13 14:54:36 - Starting C:\Program Files\nodejs\node.exe --harmony "C:\Users\Epay Jitendra\AppData\Roaming\npm\node_modules\node-windows\lib\wrapper.js" -f "D:\Project\SupportTool\Repository\Tags\SupportTool_NodeJS_V1.0\STWeb\bin\www" -l "Support-Tool" -g 0.25 -w 1 -r 3 -a n
2016-04-13 14:54:36 - Started 11908
2016-04-13 14:56:07 - Stopping supporttool.exe
2016-04-13 14:56:07 - ProcessKill 11908
2016-04-13 14:56:07 - Finished supporttool.exe
2016-04-13 14:56:08 - Starting C:\Program Files\nodejs\node.exe --harmony "C:\Users\Epay Jitendra\AppData\Roaming\npm\node_modules\node-windows\lib\wrapper.js" -f "D:\Project\SupportTool\Repository\Tags\SupportTool_NodeJS_V1.0\STWeb\bin\www" -l "Support-Tool" -g 0.25 -w 1 -r 3 -a n
2016-04-13 14:56:08 - Started 8796
2016-04-13 14:56:40 - Stopping supporttool.exe
2016-04-13 14:56:40 - ProcessKill 8796
2016-04-13 14:56:40 - Finished supporttool.exe
2016-04-13 14:56:41 - Starting C:\Program Files\nodejs\node.exe --harmony "C:\Users\Epay Jitendra\AppData\Roaming\npm\node_modules\node-windows\lib\wrapper.js" -f "D:\Project\SupportTool\Repository\Tags\SupportTool_NodeJS_V1.0\STWeb\bin\www" -l "Support-Tool" -g 0.25 -w 1 -r 3 -a n
2016-04-13 14:56:41 - Started 11308
2016-04-13 15:02:24 - Stopping supporttool.exe
2016-04-13 15:02:24 - ProcessKill 11308
2016-04-13 15:02:24 - Finished supporttool.exe
2016-04-13 15:02:26 - Starting C:\Program Files\nodejs\node.exe --harmony "C:\Users\Epay Jitendra\AppData\Roaming\npm\node_modules\node-windows\lib\wrapper.js" -f "D:\Project\SupportTool\Repository\Tags\SupportTool_NodeJS_V1.0\STWeb\bin\www" -l "Support-Tool" -g 0.25 -w 1 -r 3 -a n
2016-04-13 15:02:26 - Started 10672
2016-04-13 15:05:16 - Stopping supporttool.exe
2016-04-13 15:05:16 - ProcessKill 10672
2016-04-13 15:05:16 - Finished supporttool.exe
2016-04-13 15:05:17 - Starting C:\Program Files\nodejs\node.exe --harmony "C:\Users\Epay Jitendra\AppData\Roaming\npm\node_modules\node-windows\lib\wrapper.js" -f "D:\Project\SupportTool\Repository\Tags\SupportTool_NodeJS_V1.0\STWeb\bin\www" -l "Support-Tool" -g 0.25 -w 1 -r 3 -a n
2016-04-13 15:05:17 - Started 7852
2016-04-13 15:07:39 - Stopping supporttool.exe
2016-04-13 15:07:39 - ProcessKill 7852
2016-04-13 15:07:39 - Finished supporttool.exe
2016-04-13 15:07:40 - Starting C:\Program Files\nodejs\node.exe --harmony "C:\Users\Epay Jitendra\AppData\Roaming\npm\node_modules\node-windows\lib\wrapper.js" -f "D:\Project\SupportTool\Repository\Tags\SupportTool_NodeJS_V1.0\STWeb\bin\www" -l "Support-Tool" -g 0.25 -w 1 -r 3 -a n
2016-04-13 15:07:40 - Started 7284
2016-04-13 16:17:19 - Stopping supporttool.exe
2016-04-13 16:17:20 - ProcessKill 7284
2016-04-13 16:17:20 - Finished supporttool.exe
2016-04-13 16:17:21 - Starting C:\Program Files\nodejs\node.exe --harmony "C:\Users\Epay Jitendra\AppData\Roaming\npm\node_modules\node-windows\lib\wrapper.js" -f "D:\Project\SupportTool\Repository\Tags\SupportTool_NodeJS_V1.0\STWeb\bin\www" -l "Support-Tool" -g 0.25 -w 1 -r 3 -a n
2016-04-13 16:17:21 - Started 5580
2016-04-13 16:20:29 - Starting C:\Program Files\nodejs\node.exe --harmony "C:\Users\Epay Jitendra\AppData\Roaming\npm\node_modules\node-windows\lib\wrapper.js" -f "D:\Project\SupportTool\Repository\Tags\SupportTool_NodeJS_V1.0\STWeb\bin\www" -l "Support-Tool" -g 0.25 -w 1 -r 3 -a n
2016-04-13 16:20:29 - Started 11336
2016-04-13 16:21:10 - Starting C:\Program Files\nodejs\node.exe --harmony "C:\Users\Epay Jitendra\AppData\Roaming\npm\node_modules\node-windows\lib\wrapper.js" -f "D:\Project\SupportTool\Repository\Tags\SupportTool_NodeJS_V1.0\STWeb\bin\www" -l "Support-Tool" -g 0.25 -w 1 -r 3 -a n
2016-04-13 16:21:10 - Started 12228
2016-04-13 17:00:51 - Stopping supporttool.exe
2016-04-13 17:00:51 - ProcessKill 12228
2016-04-13 17:00:51 - Finished supporttool.exe
2016-04-13 17:00:52 - Starting C:\Program Files\nodejs\node.exe --harmony "C:\Users\Epay Jitendra\AppData\Roaming\npm\node_modules\node-windows\lib\wrapper.js" -f "D:\Project\SupportTool\Repository\Tags\SupportTool_NodeJS_V1.0\STWeb\bin\www" -l "Support-Tool" -g 0.25 -w 1 -r 3 -a n
2016-04-13 17:00:52 - Started 11916
2016-04-13 17:56:57 - Stopping supporttool.exe
2016-04-13 17:56:57 - ProcessKill 11916
2016-04-13 17:56:57 - Finished supporttool.exe
2016-04-13 17:56:59 - Starting C:\Program Files\nodejs\node.exe --harmony "C:\Users\Epay Jitendra\AppData\Roaming\npm\node_modules\node-windows\lib\wrapper.js" -f "D:\Project\SupportTool\Repository\Tags\SupportTool_NodeJS_V1.0\STWeb\bin\www" -l "Support-Tool" -g 0.25 -w 1 -r 3 -a n
2016-04-13 17:56:59 - Started 12108
2016-04-13 18:02:00 - Stopping supporttool.exe
2016-04-13 18:02:00 - ProcessKill 12108
2016-04-13 18:02:00 - Finished supporttool.exe
2016-04-13 18:02:01 - Starting C:\Program Files\nodejs\node.exe --harmony "C:\Users\Epay Jitendra\AppData\Roaming\npm\node_modules\node-windows\lib\wrapper.js" -f "D:\Project\SupportTool\Repository\Tags\SupportTool_NodeJS_V1.0\STWeb\bin\www" -l "Support-Tool" -g 0.25 -w 1 -r 3 -a n
2016-04-13 18:02:01 - Started 9208
2016-04-14 22:21:10 - Stopping supporttool.exe
2016-04-14 22:21:10 - ProcessKill 9208
2016-04-14 22:21:10 - Finished supporttool.exe
2016-04-15 09:35:12 - Starting C:\Program Files\nodejs\node.exe --harmony "C:\Users\Epay Jitendra\AppData\Roaming\npm\node_modules\node-windows\lib\wrapper.js" -f "D:\Project\SupportTool\Repository\Tags\SupportTool_NodeJS_V1.0\STWeb\bin\www" -l "Support-Tool" -g 0.25 -w 1 -r 3 -a n
2016-04-15 09:35:12 - Started 3428
2016-04-15 10:15:46 - Stopping supporttool.exe
2016-04-15 10:15:46 - ProcessKill 3428
2016-04-15 10:15:46 - Finished supporttool.exe
2016-04-15 10:15:48 - Starting C:\Program Files\nodejs\node.exe --harmony "C:\Users\Epay Jitendra\AppData\Roaming\npm\node_modules\node-windows\lib\wrapper.js" -f "D:\Project\SupportTool\Repository\Tags\SupportTool_NodeJS_V1.0\STWeb\bin\www" -l "Support-Tool" -g 0.25 -w 1 -r 3 -a n
2016-04-15 10:15:48 - Started 9936
2016-04-15 13:00:32 - Stopping supporttool.exe
2016-04-15 13:00:32 - ProcessKill 9936
2016-04-15 13:00:32 - Finished supporttool.exe
2016-04-15 13:00:34 - Starting C:\Program Files\nodejs\node.exe --harmony "C:\Users\Epay Jitendra\AppData\Roaming\npm\node_modules\node-windows\lib\wrapper.js" -f "D:\Project\SupportTool\Repository\Tags\SupportTool_NodeJS_V1.0\STWeb\bin\www" -l "Support-Tool" -g 0.25 -w 1 -r 3 -a n
2016-04-15 13:00:34 - Started 12136
2016-04-15 13:53:19 - Stopping supporttool.exe
2016-04-15 13:53:19 - ProcessKill 12136
2016-04-15 13:53:19 - Finished supporttool.exe
2016-04-15 13:53:21 - Starting C:\Program Files\nodejs\node.exe --harmony "C:\Users\Epay Jitendra\AppData\Roaming\npm\node_modules\node-windows\lib\wrapper.js" -f "D:\Project\SupportTool\Repository\Tags\SupportTool_NodeJS_V1.0\STWeb\bin\www" -l "Support-Tool" -g 0.25 -w 1 -r 3 -a n
2016-04-15 13:53:21 - Started 10524
2016-04-15 13:54:03 - Stopping supporttool.exe
2016-04-15 13:54:03 - ProcessKill 10524
2016-04-15 13:54:03 - Finished supporttool.exe
2016-04-15 13:54:04 - Starting C:\Program Files\nodejs\node.exe --harmony "C:\Users\Epay Jitendra\AppData\Roaming\npm\node_modules\node-windows\lib\wrapper.js" -f "D:\Project\SupportTool\Repository\Tags\SupportTool_NodeJS_V1.0\STWeb\bin\www" -l "Support-Tool" -g 0.25 -w 1 -r 3 -a n
2016-04-15 13:54:04 - Started 11000
2016-04-15 18:03:59 - Stopping supporttool.exe
2016-04-15 18:03:59 - ProcessKill 11000
2016-04-15 18:03:59 - Finished supporttool.exe
2016-04-15 18:04:01 - Starting C:\Program Files\nodejs\node.exe --harmony "C:\Users\Epay Jitendra\AppData\Roaming\npm\node_modules\node-windows\lib\wrapper.js" -f "D:\Project\SupportTool\Repository\Tags\SupportTool_NodeJS_V1.0\STWeb\bin\www" -l "Support-Tool" -g 0.25 -w 1 -r 3 -a n
2016-04-15 18:04:01 - Started 7384
2016-04-15 19:07:02 - Stopping supporttool.exe
2016-04-15 19:07:02 - ProcessKill 7384
2016-04-15 19:07:02 - Finished supporttool.exe
2016-04-15 19:28:27 - Starting C:\Program Files\nodejs\node.exe --harmony "C:\Users\Epay Jitendra\AppData\Roaming\npm\node_modules\node-windows\lib\wrapper.js" -f "D:\Project\SupportTool\Repository\Tags\SupportTool_NodeJS_V1.0\STWeb\bin\www" -l "Support-Tool" -g 0.25 -w 1 -r 3 -a n
2016-04-15 19:28:27 - Started 3900
2016-04-15 19:29:03 - Stopping supporttool.exe
2016-04-15 19:29:03 - ProcessKill 3900
2016-04-15 19:29:03 - Finished supporttool.exe
2016-04-18 10:05:48 - Starting C:\Program Files\nodejs\node.exe --harmony "C:\Users\Epay Jitendra\AppData\Roaming\npm\node_modules\node-windows\lib\wrapper.js" -f "D:\Project\SupportTool\Repository\Tags\SupportTool_NodeJS_V1.0\STWeb\bin\www" -l "Support-Tool" -g 0.25 -w 1 -r 3 -a n
2016-04-18 10:05:48 - Started 5888
2016-04-18 11:13:38 - Stopping supporttool.exe
2016-04-18 11:13:38 - ProcessKill 5888
2016-04-18 11:13:38 - Finished supporttool.exe
2016-04-18 11:13:40 - Starting C:\Program Files\nodejs\node.exe --harmony "C:\Users\Epay Jitendra\AppData\Roaming\npm\node_modules\node-windows\lib\wrapper.js" -f "D:\Project\SupportTool\Repository\Tags\SupportTool_NodeJS_V1.0\STWeb\bin\www" -l "Support-Tool" -g 0.25 -w 1 -r 3 -a n
2016-04-18 11:13:40 - Started 8448
2016-04-18 11:32:34 - Stopping supporttool.exe
2016-04-18 11:32:34 - ProcessKill 8448
2016-04-18 11:32:34 - Finished supporttool.exe
2016-04-18 11:32:35 - Starting C:\Program Files\nodejs\node.exe --harmony "C:\Users\Epay Jitendra\AppData\Roaming\npm\node_modules\node-windows\lib\wrapper.js" -f "D:\Project\SupportTool\Repository\Tags\SupportTool_NodeJS_V1.0\STWeb\bin\www" -l "Support-Tool" -g 0.25 -w 1 -r 3 -a n
2016-04-18 11:32:35 - Started 10760
2016-04-18 11:42:56 - Stopping supporttool.exe
2016-04-18 11:42:56 - ProcessKill 10760
2016-04-18 11:42:56 - Finished supporttool.exe
2016-04-18 11:42:57 - Starting C:\Program Files\nodejs\node.exe --harmony "C:\Users\Epay Jitendra\AppData\Roaming\npm\node_modules\node-windows\lib\wrapper.js" -f "D:\Project\SupportTool\Repository\Tags\SupportTool_NodeJS_V1.0\STWeb\bin\www" -l "Support-Tool" -g 0.25 -w 1 -r 3 -a n
2016-04-18 11:42:57 - Started 10848
2016-04-18 11:43:41 - Stopping supporttool.exe
2016-04-18 11:43:41 - ProcessKill 10848
2016-04-18 11:43:41 - Finished supporttool.exe
2016-04-18 11:43:43 - Starting C:\Program Files\nodejs\node.exe --harmony "C:\Users\Epay Jitendra\AppData\Roaming\npm\node_modules\node-windows\lib\wrapper.js" -f "D:\Project\SupportTool\Repository\Tags\SupportTool_NodeJS_V1.0\STWeb\bin\www" -l "Support-Tool" -g 0.25 -w 1 -r 3 -a n
2016-04-18 11:43:43 - Started 8812
2016-04-18 11:44:01 - Stopping supporttool.exe
2016-04-18 11:44:01 - ProcessKill 8812
2016-04-18 11:44:01 - Finished supporttool.exe
2016-04-18 11:44:02 - Starting C:\Program Files\nodejs\node.exe --harmony "C:\Users\Epay Jitendra\AppData\Roaming\npm\node_modules\node-windows\lib\wrapper.js" -f "D:\Project\SupportTool\Repository\Tags\SupportTool_NodeJS_V1.0\STWeb\bin\www" -l "Support-Tool" -g 0.25 -w 1 -r 3 -a n
2016-04-18 11:44:02 - Started 11216
2016-04-18 11:56:48 - Stopping supporttool.exe
2016-04-18 11:56:48 - ProcessKill 11216
2016-04-18 11:56:48 - Finished supporttool.exe
2016-04-18 11:56:49 - Starting C:\Program Files\nodejs\node.exe --harmony "C:\Users\Epay Jitendra\AppData\Roaming\npm\node_modules\node-windows\lib\wrapper.js" -f "D:\Project\SupportTool\Repository\Tags\SupportTool_NodeJS_V1.0\STWeb\bin\www" -l "Support-Tool" -g 0.25 -w 1 -r 3 -a n
2016-04-18 11:56:49 - Started 10912
2016-04-18 11:58:41 - Stopping supporttool.exe
2016-04-18 11:58:41 - ProcessKill 10912
2016-04-18 11:58:41 - Finished supporttool.exe
2016-04-18 11:58:42 - Starting C:\Program Files\nodejs\node.exe --harmony "C:\Users\Epay Jitendra\AppData\Roaming\npm\node_modules\node-windows\lib\wrapper.js" -f "D:\Project\SupportTool\Repository\Tags\SupportTool_NodeJS_V1.0\STWeb\bin\www" -l "Support-Tool" -g 0.25 -w 1 -r 3 -a n
2016-04-18 11:58:42 - Started 10308
2016-04-18 11:59:23 - Stopping supporttool.exe
2016-04-18 11:59:23 - ProcessKill 10308
2016-04-18 11:59:23 - Finished supporttool.exe
2016-04-18 11:59:24 - Starting C:\Program Files\nodejs\node.exe --harmony "C:\Users\Epay Jitendra\AppData\Roaming\npm\node_modules\node-windows\lib\wrapper.js" -f "D:\Project\SupportTool\Repository\Tags\SupportTool_NodeJS_V1.0\STWeb\bin\www" -l "Support-Tool" -g 0.25 -w 1 -r 3 -a n
2016-04-18 11:59:24 - Started 8724
2016-04-18 12:09:47 - Stopping supporttool.exe
2016-04-18 12:09:47 - ProcessKill 8724
2016-04-18 12:09:47 - Finished supporttool.exe
2016-04-18 12:09:49 - Starting C:\Program Files\nodejs\node.exe --harmony "C:\Users\Epay Jitendra\AppData\Roaming\npm\node_modules\node-windows\lib\wrapper.js" -f "D:\Project\SupportTool\Repository\Tags\SupportTool_NodeJS_V1.0\STWeb\bin\www" -l "Support-Tool" -g 0.25 -w 1 -r 3 -a n
2016-04-18 12:09:49 - Started 10856
2016-04-18 12:11:06 - Stopping supporttool.exe
2016-04-18 12:11:06 - ProcessKill 10856
2016-04-18 12:11:06 - Finished supporttool.exe
2016-04-18 12:11:07 - Starting C:\Program Files\nodejs\node.exe --harmony "C:\Users\Epay Jitendra\AppData\Roaming\npm\node_modules\node-windows\lib\wrapper.js" -f "D:\Project\SupportTool\Repository\Tags\SupportTool_NodeJS_V1.0\STWeb\bin\www" -l "Support-Tool" -g 0.25 -w 1 -r 3 -a n
2016-04-18 12:11:07 - Started 10668
2016-04-18 12:28:55 - Stopping supporttool.exe
2016-04-18 12:28:55 - ProcessKill 10668
2016-04-18 12:28:55 - Finished supporttool.exe
2016-04-18 12:28:56 - Starting C:\Program Files\nodejs\node.exe --harmony "C:\Users\Epay Jitendra\AppData\Roaming\npm\node_modules\node-windows\lib\wrapper.js" -f "D:\Project\SupportTool\Repository\Tags\SupportTool_NodeJS_V1.0\STWeb\bin\www" -l "Support-Tool" -g 0.25 -w 1 -r 3 -a n
2016-04-18 12:28:56 - Started 10852
2016-04-18 12:32:38 - Stopping supporttool.exe
2016-04-18 12:32:38 - ProcessKill 10852
2016-04-18 12:32:38 - Finished supporttool.exe
2016-04-18 12:32:40 - Starting C:\Program Files\nodejs\node.exe --harmony "C:\Users\Epay Jitendra\AppData\Roaming\npm\node_modules\node-windows\lib\wrapper.js" -f "D:\Project\SupportTool\Repository\Tags\SupportTool_NodeJS_V1.0\STWeb\bin\www" -l "Support-Tool" -g 0.25 -w 1 -r 3 -a n
2016-04-18 12:32:40 - Started 8296
2016-04-18 12:35:45 - Stopping supporttool.exe
2016-04-18 12:35:45 - ProcessKill 8296
2016-04-18 12:35:45 - Finished supporttool.exe
2016-04-18 12:35:46 - Starting C:\Program Files\nodejs\node.exe --harmony "C:\Users\Epay Jitendra\AppData\Roaming\npm\node_modules\node-windows\lib\wrapper.js" -f "D:\Project\SupportTool\Repository\Tags\SupportTool_NodeJS_V1.0\STWeb\bin\www" -l "Support-Tool" -g 0.25 -w 1 -r 3 -a n
2016-04-18 12:35:46 - Started 8368
2016-04-18 12:37:00 - Stopping supporttool.exe
2016-04-18 12:37:00 - ProcessKill 8368
2016-04-18 12:37:00 - Finished supporttool.exe
2016-04-18 12:37:02 - Starting C:\Program Files\nodejs\node.exe --harmony "C:\Users\Epay Jitendra\AppData\Roaming\npm\node_modules\node-windows\lib\wrapper.js" -f "D:\Project\SupportTool\Repository\Tags\SupportTool_NodeJS_V1.0\STWeb\bin\www" -l "Support-Tool" -g 0.25 -w 1 -r 3 -a n
2016-04-18 12:37:02 - Started 10744
2016-04-18 12:37:41 - Stopping supporttool.exe
2016-04-18 12:37:41 - ProcessKill 10744
2016-04-18 12:37:41 - Finished supporttool.exe
2016-04-18 12:37:43 - Starting C:\Program Files\nodejs\node.exe --harmony "C:\Users\Epay Jitendra\AppData\Roaming\npm\node_modules\node-windows\lib\wrapper.js" -f "D:\Project\SupportTool\Repository\Tags\SupportTool_NodeJS_V1.0\STWeb\bin\www" -l "Support-Tool" -g 0.25 -w 1 -r 3 -a n
2016-04-18 12:37:43 - Started 9008
2016-04-18 12:56:46 - Stopping supporttool.exe
2016-04-18 12:56:46 - ProcessKill 9008
2016-04-18 12:56:46 - Finished supporttool.exe
2016-04-18 12:56:47 - Starting C:\Program Files\nodejs\node.exe --harmony "C:\Users\Epay Jitendra\AppData\Roaming\npm\node_modules\node-windows\lib\wrapper.js" -f "D:\Project\SupportTool\Repository\Tags\SupportTool_NodeJS_V1.0\STWeb\bin\www" -l "Support-Tool" -g 0.25 -w 1 -r 3 -a n
2016-04-18 12:56:47 - Started 3156
2016-04-18 13:12:54 - Stopping supporttool.exe
2016-04-18 13:12:54 - ProcessKill 3156
2016-04-18 13:12:54 - Finished supporttool.exe
2016-04-18 13:12:56 - Starting C:\Program Files\nodejs\node.exe --harmony "C:\Users\Epay Jitendra\AppData\Roaming\npm\node_modules\node-windows\lib\wrapper.js" -f "D:\Project\SupportTool\Repository\Tags\SupportTool_NodeJS_V1.0\STWeb\bin\www" -l "Support-Tool" -g 0.25 -w 1 -r 3 -a n
2016-04-18 13:12:56 - Started 7152
2016-04-18 14:22:23 - Stopping supporttool.exe
2016-04-18 14:22:23 - ProcessKill 7152
2016-04-18 14:22:23 - Finished supporttool.exe
2016-04-18 14:24:41 - Starting C:\Program Files\nodejs\node.exe --harmony "C:\Users\Epay Jitendra\AppData\Roaming\npm\node_modules\node-windows\lib\wrapper.js" -f "D:\Project\SupportTool\Repository\Tags\SupportTool_NodeJS_V1.0\STWeb\bin\www" -l "Support-Tool" -g 0.25 -w 1 -r 3 -a n
2016-04-18 14:24:43 - Started 5324
2016-04-18 19:08:28 - Stopping supporttool.exe
2016-04-18 19:08:28 - ProcessKill 5324
2016-04-18 19:08:28 - Finished supporttool.exe
2016-04-19 10:03:01 - Starting C:\Program Files\nodejs\node.exe --harmony "C:\Users\Epay Jitendra\AppData\Roaming\npm\node_modules\node-windows\lib\wrapper.js" -f "D:\Project\SupportTool\Repository\Tags\SupportTool_NodeJS_V1.0\STWeb\bin\www" -l "Support-Tool" -g 0.25 -w 1 -r 3 -a n
2016-04-19 10:03:02 - Started 5492
2016-04-19 19:08:31 - Stopping supporttool.exe
2016-04-19 19:08:32 - ProcessKill 5492
2016-04-19 19:08:32 - Finished supporttool.exe
2016-04-20 09:59:09 - Starting C:\Program Files\nodejs\node.exe --harmony "C:\Users\Epay Jitendra\AppData\Roaming\npm\node_modules\node-windows\lib\wrapper.js" -f "D:\Project\SupportTool\Repository\Tags\SupportTool_NodeJS_V1.0\STWeb\bin\www" -l "Support-Tool" -g 0.25 -w 1 -r 3 -a n
2016-04-20 09:59:10 - Started 6068
2016-04-21 12:11:28 - Stopping supporttool.exe
2016-04-21 12:11:32 - ProcessKill 6068
2016-04-21 12:11:32 - Finished supporttool.exe
2016-04-21 12:14:00 - Starting C:\Program Files\nodejs\node.exe --harmony "C:\Users\Epay Jitendra\AppData\Roaming\npm\node_modules\node-windows\lib\wrapper.js" -f "D:\Project\SupportTool\Repository\Tags\SupportTool_NodeJS_V1.0\STWeb\bin\www" -l "Support-Tool" -g 0.25 -w 1 -r 3 -a n
2016-04-21 12:14:00 - Started 3496
2016-04-28 09:56:24 - Starting C:\Program Files\nodejs\node.exe --harmony "C:\Users\Epay Jitendra\AppData\Roaming\npm\node_modules\node-windows\lib\wrapper.js" -f "D:\Project\SupportTool\Repository\Tags\SupportTool_NodeJS_V1.0\STWeb\bin\www" -l "Support-Tool" -g 0.25 -w 1 -r 3 -a n
2016-04-28 09:56:24 - Started 5680
